Using pre-set license
Built from '2021.3/staging' branch; Version is '2021.3.10f1 (1c7d0df0160b) revision 1867021'; Using compiler version '192829333'; Build Type 'Release'
OS: 'Windows 10  (10.0.19044) 64bit Core' Language: 'ru' Physical Memory: 16005 MB
BatchMode: 1, IsHumanControllingUs: 0, StartBugReporterOnCrash: 0, Is64bit: 1, IsPro: 1

COMMAND LINE ARGUMENTS:
D:\Unity\2021.3.10f1\Editor\Unity.exe
-adb2
-batchMode
-noUpm
-name
AssetImportWorker1
-projectPath
D:/labs unity/Lab
-logFile
Logs/AssetImportWorker1.log
-srvPort
64591
Successfully changed project path to: D:/labs unity/Lab
D:/labs unity/Lab
[UnityMemory] Configuration Parameters - Can be set up in boot.config
    "memorysetup-bucket-allocator-granularity=16"
    "memorysetup-bucket-allocator-bucket-count=8"
    "memorysetup-bucket-allocator-block-size=33554432"
    "memorysetup-bucket-allocator-block-count=8"
    "memorysetup-main-allocator-block-size=16777216"
    "memorysetup-thread-allocator-block-size=16777216"
    "memorysetup-gfx-main-allocator-block-size=16777216"
    "memorysetup-gfx-thread-allocator-block-size=16777216"
    "memorysetup-cache-allocator-block-size=4194304"
    "memorysetup-typetree-allocator-block-size=2097152"
    "memorysetup-profiler-bucket-allocator-granularity=16"
    "memorysetup-profiler-bucket-allocator-bucket-count=8"
    "memorysetup-profiler-bucket-allocator-block-size=33554432"
    "memorysetup-profiler-bucket-allocator-block-count=8"
    "memorysetup-profiler-allocator-block-size=16777216"
    "memorysetup-profiler-editor-allocator-block-size=1048576"
    "memorysetup-temp-allocator-size-main=16777216"
    "memorysetup-job-temp-allocator-block-size=2097152"
    "memorysetup-job-temp-allocator-block-size-background=1048576"
    "memorysetup-job-temp-allocator-reduction-small-platforms=262144"
    "memorysetup-temp-allocator-size-background-worker=32768"
    "memorysetup-temp-allocator-size-job-worker=262144"
    "memorysetup-temp-allocator-size-preload-manager=33554432"
    "memorysetup-temp-allocator-size-nav-mesh-worker=65536"
    "memorysetup-temp-allocator-size-audio-worker=65536"
    "memorysetup-temp-allocator-size-cloud-worker=32768"
    "memorysetup-temp-allocator-size-gi-baking-worker=262144"
    "memorysetup-temp-allocator-size-gfx=262144"
Refreshing native plugins compatible for Editor in 117.41 ms, found 4 plugins.
Preloading 0 native plugins for Editor in 0.00 ms.
Initialize engine version: 2021.3.10f1 (1c7d0df0160b)
[Subsystems] Discovering subsystems at path D:/Unity/2021.3.10f1/Editor/Data/Resources/UnitySubsystems
[Subsystems] Discovering subsystems at path D:/labs unity/Lab/Assets
GfxDevice: creating device client; threaded=0; jobified=0
Direct3D:
    Version:  Direct3D 11.0 [level 11.1]
    Renderer: NVIDIA GeForce RTX 3060 Laptop GPU (ID=0x2520)
    Vendor:   NVIDIA
    VRAM:     6023 MB
    Driver:   31.0.15.1694
Initialize mono
Mono path[0] = 'D:/Unity/2021.3.10f1/Editor/Data/Managed'
Mono path[1] = 'D:/Unity/2021.3.10f1/Editor/Data/MonoBleedingEdge/lib/mono/unityjit-win32'
Mono config path = 'D:/Unity/2021.3.10f1/Editor/Data/MonoBleedingEdge/etc'
Using monoOptions --debugger-agent=transport=dt_socket,embedding=1,server=y,suspend=n,address=127.0.0.1:56408
Begin MonoManager ReloadAssembly
Registering precompiled unity dll's ...
Register platform support module: D:/Unity/2021.3.10f1/Editor/Data/PlaybackEngines/WebGLSupport/UnityEditor.WebGL.Extensions.dll
Register platform support module: D:/Unity/2021.3.10f1/Editor/Data/PlaybackEngines/WindowsStandaloneSupport/UnityEditor.WindowsStandalone.Extensions.dll
Registered in 0.003062 seconds.
Native extension for WindowsStandalone target not found
Native extension for WebGL target not found
Refreshing native plugins compatible for Editor in 120.05 ms, found 4 plugins.
Preloading 0 native plugins for Editor in 0.00 ms.
Mono: successfully reloaded assembly
- Completed reload, in  0.755 seconds
Domain Reload Profiling:
	ReloadAssembly (756ms)
		BeginReloadAssembly (78ms)
			ExecutionOrderSort (0ms)
			DisableScriptedObjects (0ms)
			BackupInstance (0ms)
			ReleaseScriptingObjects (0ms)
			CreateAndSetChildDomain (1ms)
		EndReloadAssembly (564ms)
			LoadAssemblies (77ms)
			RebuildTransferFunctionScriptingTraits (0ms)
			SetupTypeCache (117ms)
			ReleaseScriptCaches (0ms)
			RebuildScriptCaches (33ms)
			SetupLoadedEditorAssemblies (355ms)
				LogAssemblyErrors (0ms)
				InitializePlatformSupportModulesInManaged (9ms)
				SetLoadedEditorAssemblies (0ms)
				RefreshPlugins (120ms)
				BeforeProcessingInitializeOnLoad (1ms)
				ProcessInitializeOnLoadAttributes (169ms)
				ProcessInitializeOnLoadMethodAttributes (55ms)
				AfterProcessingInitializeOnLoad (0ms)
				EditorAssembliesLoaded (0ms)
			ExecutionOrderSort2 (0ms)
			AwakeInstancesAfterBackupRestoration (0ms)
Platform modules already initialized, skipping
Registering precompiled user dll's ...
Registered in 0.005363 seconds.
Begin MonoManager ReloadAssembly
Symbol file LoadedFromMemory doesn't match image D:\labs unity\Lab\Library\PackageCache\com.unity.visualscripting@1.7.8\Editor\VisualScripting.Core\Dependencies\YamlDotNet\Unity.VisualScripting.YamlDotNet.dll
Symbol file LoadedFromMemory doesn't match image D:\labs unity\Lab\Library\PackageCache\com.unity.visualscripting@1.7.8\Editor\VisualScripting.Core\Dependencies\DotNetZip\Unity.VisualScripting.IonicZip.dll
Native extension for WindowsStandalone target not found
Native extension for WebGL target not found
Refreshing native plugins compatible for Editor in 165.86 ms, found 4 plugins.
Preloading 0 native plugins for Editor in 0.00 ms.
Mono: successfully reloaded assembly
- Completed reload, in  1.384 seconds
Domain Reload Profiling:
	ReloadAssembly (1385ms)
		BeginReloadAssembly (107ms)
			ExecutionOrderSort (0ms)
			DisableScriptedObjects (7ms)
			BackupInstance (0ms)
			ReleaseScriptingObjects (0ms)
			CreateAndSetChildDomain (19ms)
		EndReloadAssembly (1146ms)
			LoadAssemblies (76ms)
			RebuildTransferFunctionScriptingTraits (0ms)
			SetupTypeCache (276ms)
			ReleaseScriptCaches (1ms)
			RebuildScriptCaches (69ms)
			SetupLoadedEditorAssemblies (645ms)
				LogAssemblyErrors (0ms)
				InitializePlatformSupportModulesInManaged (13ms)
				SetLoadedEditorAssemblies (1ms)
				RefreshPlugins (166ms)
				BeforeProcessingInitializeOnLoad (113ms)
				ProcessInitializeOnLoadAttributes (294ms)
				ProcessInitializeOnLoadMethodAttributes (55ms)
				AfterProcessingInitializeOnLoad (3ms)
				EditorAssembliesLoaded (0ms)
			ExecutionOrderSort2 (0ms)
			AwakeInstancesAfterBackupRestoration (7ms)
Platform modules already initialized, skipping
========================================================================
Worker process is ready to serve import requests
Launched and connected shader compiler UnityShaderCompiler.exe after 0.04 seconds
Refreshing native plugins compatible for Editor in 0.59 ms, found 4 plugins.
Preloading 0 native plugins for Editor in 0.00 ms.
Unloading 4076 Unused Serialized files (Serialized files now loaded: 0)
Unloading 38 unused Assets / (56.1 KB). Loaded Objects now: 4533.
Memory consumption went from 151.6 MB to 151.5 MB.
Total: 2.603500 ms (FindLiveObjects: 0.201900 ms CreateObjectMapping: 0.100000 ms MarkObjects: 2.228800 ms  DeleteObjects: 0.071900 ms)

AssetImportParameters requested are different than current active one (requested -> active):
  custom:video-decoder-ogg-theora: a1e56fd34408186e4bbccfd4996cb3dc -> 
  custom:container-muxer-webm: aa71ff27fc2769a1b78a27578f13a17b -> 
  custom:container-demuxer-webm: 4f35f7cbe854078d1ac9338744f61a02 -> 
  custom:video-encoder-webm-vp8: eb34c28f22e8b96e1ab97ce403110664 -> 
  custom:audio-encoder-webm-vorbis: bf7c407c2cedff20999df2af8eb42d56 -> 
  custom:framework-win-MediaFoundation: 216162199b28c13a410421893ffa2e32 -> 
  custom:container-demuxer-ogg: 62fdf1f143b41e24485cea50d1cbac27 -> 
  custom:video-decoder-webm-vp8: 9c59270c3fd7afecdb556c50c9e8de78 -> 
  custom:audio-decoder-ogg-vorbis: bf7c407c2cedff20999df2af8eb42d56 -> 
========================================================================
Received Import Request.
  Time since last request: 47928.405054 seconds.
  path: Assets/KrishnaPalacio/MINIFANTASY Forgotten Plains - Super Low Res 2D Pixel Art by Krishna Palacio/Tile Palettes/Animated Tiles/Lake/LakeGrass 8.asset
  artifactKey: Guid(fe803b5c6e0efff4caceb0a29749ce54) Importer(815301076,1909f56bfc062723c751e8b465ee728b)
Start importing Assets/KrishnaPalacio/MINIFANTASY Forgotten Plains - Super Low Res 2D Pixel Art by Krishna Palacio/Tile Palettes/Animated Tiles/Lake/LakeGrass 8.asset using Guid(fe803b5c6e0efff4caceb0a29749ce54) Importer(815301076,1909f56bfc062723c751e8b465ee728b)  -> (artifact id: 'a7e0e42b196bfc07f41363d41caa398c') in 0.024630 seconds 
========================================================================
Received Import Request.
  Time since last request: 0.000024 seconds.
  path: Assets/KrishnaPalacio/MINIFANTASY Forgotten Plains - Super Low Res 2D Pixel Art by Krishna Palacio/Tile Palettes/Standard Tiles/Ground/Cobblestone20_Minifantasy_ForgottenPlainsTiles_52.asset
  artifactKey: Guid(758f8e2768698e0419acc4e93b871c50) Importer(815301076,1909f56bfc062723c751e8b465ee728b)
Start importing Assets/KrishnaPalacio/MINIFANTASY Forgotten Plains - Super Low Res 2D Pixel Art by Krishna Palacio/Tile Palettes/Standard Tiles/Ground/Cobblestone20_Minifantasy_ForgottenPlainsTiles_52.asset using Guid(758f8e2768698e0419acc4e93b871c50) Importer(815301076,1909f56bfc062723c751e8b465ee728b)  -> (artifact id: 'a3bdca0fc8853540719d5ece90c8d351') in 0.033295 seconds 
========================================================================
Received Import Request.
  Time since last request: 0.000021 seconds.
  path: Assets/KrishnaPalacio/MINIFANTASY Forgotten Plains - Super Low Res 2D Pixel Art by Krishna Palacio/Tile Palettes/Standard Tiles/Ground/Cobblestone19_Minifantasy_ForgottenPlainsTiles_51.asset
  artifactKey: Guid(fe8615fdd2fc8904e9fe6c6317284ea9) Importer(815301076,1909f56bfc062723c751e8b465ee728b)
Start importing Assets/KrishnaPalacio/MINIFANTASY Forgotten Plains - Super Low Res 2D Pixel Art by Krishna Palacio/Tile Palettes/Standard Tiles/Ground/Cobblestone19_Minifantasy_ForgottenPlainsTiles_51.asset using Guid(fe8615fdd2fc8904e9fe6c6317284ea9) Importer(815301076,1909f56bfc062723c751e8b465ee728b)  -> (artifact id: '8170fcf2eeb3ecc72a13074e0e54eaba') in 0.009563 seconds 
========================================================================
Received Import Request.
  Time since last request: 0.000021 seconds.
  path: Assets/KrishnaPalacio/MINIFANTASY Forgotten Plains - Super Low Res 2D Pixel Art by Krishna Palacio/Tile Palettes/Standard Tiles/Ground/Cobblestone22_Minifantasy_ForgottenPlainsTiles_79.asset
  artifactKey: Guid(47dbaa8ef8f791741b4a4de9c306c5d4) Importer(815301076,1909f56bfc062723c751e8b465ee728b)
Start importing Assets/KrishnaPalacio/MINIFANTASY Forgotten Plains - Super Low Res 2D Pixel Art by Krishna Palacio/Tile Palettes/Standard Tiles/Ground/Cobblestone22_Minifantasy_ForgottenPlainsTiles_79.asset using Guid(47dbaa8ef8f791741b4a4de9c306c5d4) Importer(815301076,1909f56bfc062723c751e8b465ee728b)  -> (artifact id: 'b443f1cfa8788af0bf946e5f125ff84d') in 0.009233 seconds 
========================================================================
Received Import Request.
  Time since last request: 0.000022 seconds.
  path: Assets/KrishnaPalacio/MINIFANTASY Forgotten Plains - Super Low Res 2D Pixel Art by Krishna Palacio/Tile Palettes/Standard Tiles/Ground/Cliff5_Minifantasy_ForgottenPlainsTiles_239.asset
  artifactKey: Guid(ee44f04c19e463d48a8796f568a766fa) Importer(815301076,1909f56bfc062723c751e8b465ee728b)
Start importing Assets/KrishnaPalacio/MINIFANTASY Forgotten Plains - Super Low Res 2D Pixel Art by Krishna Palacio/Tile Palettes/Standard Tiles/Ground/Cliff5_Minifantasy_ForgottenPlainsTiles_239.asset using Guid(ee44f04c19e463d48a8796f568a766fa) Importer(815301076,1909f56bfc062723c751e8b465ee728b)  -> (artifact id: '33fd0080d8683e1061c73d5a68eb0f40') in 0.009515 seconds 
========================================================================
Received Import Request.
  Time since last request: 0.000021 seconds.
  path: Assets/KrishnaPalacio/MINIFANTASY Forgotten Plains - Super Low Res 2D Pixel Art by Krishna Palacio/Prefabs/Props/Pillar.prefab
  artifactKey: Guid(c4a55705bf4afe6438518d8d6af4e976) Importer(815301076,1909f56bfc062723c751e8b465ee728b)
Start importing Assets/KrishnaPalacio/MINIFANTASY Forgotten Plains - Super Low Res 2D Pixel Art by Krishna Palacio/Prefabs/Props/Pillar.prefab using Guid(c4a55705bf4afe6438518d8d6af4e976) Importer(815301076,1909f56bfc062723c751e8b465ee728b)  -> (artifact id: '0bd80e2e32c6ab39e5065770ea43e7df') in 0.070525 seconds 
========================================================================
Received Import Request.
  Time since last request: 0.000019 seconds.
  path: Assets/KrishnaPalacio/MINIFANTASY Forgotten Plains - Super Low Res 2D Pixel Art by Krishna Palacio/Tile Palettes/Animated Tiles/Lake/LakeDirt 7.asset
  artifactKey: Guid(b0c5db4c84e130b46971efe0b2811bf0) Importer(815301076,1909f56bfc062723c751e8b465ee728b)
Start importing Assets/KrishnaPalacio/MINIFANTASY Forgotten Plains - Super Low Res 2D Pixel Art by Krishna Palacio/Tile Palettes/Animated Tiles/Lake/LakeDirt 7.asset using Guid(b0c5db4c84e130b46971efe0b2811bf0) Importer(815301076,1909f56bfc062723c751e8b465ee728b)  -> (artifact id: '578f94f4e21d3eebdd91e6228e68ba2d') in 0.005608 seconds 
========================================================================
Received Import Request.
  Time since last request: 0.000025 seconds.
  path: Assets/KrishnaPalacio/MINIFANTASY Forgotten Plains - Super Low Res 2D Pixel Art by Krishna Palacio/Tile Palettes/Standard Tiles/Ground/Cobblestone33_Minifantasy_ForgottenPlainsTiles_31.asset
  artifactKey: Guid(70cd93bcf9b4fce48b6d535d66ab0f02) Importer(815301076,1909f56bfc062723c751e8b465ee728b)
Start importing Assets/KrishnaPalacio/MINIFANTASY Forgotten Plains - Super Low Res 2D Pixel Art by Krishna Palacio/Tile Palettes/Standard Tiles/Ground/Cobblestone33_Minifantasy_ForgottenPlainsTiles_31.asset using Guid(70cd93bcf9b4fce48b6d535d66ab0f02) Importer(815301076,1909f56bfc062723c751e8b465ee728b)  -> (artifact id: 'f26fe23b1a8b30d03a2c2553f0d6cfac') in 0.008901 seconds 
========================================================================
Received Import Request.
  Time since last request: 0.000034 seconds.
  path: Assets/KrishnaPalacio/MINIFANTASY Forgotten Plains - Super Low Res 2D Pixel Art by Krishna Palacio/Tile Palettes/Animated Tiles/Lake/LakeGrass 2.asset
  artifactKey: Guid(2feb3a0f549d8df4282442553e77858c) Importer(815301076,1909f56bfc062723c751e8b465ee728b)
Start importing Assets/KrishnaPalacio/MINIFANTASY Forgotten Plains - Super Low Res 2D Pixel Art by Krishna Palacio/Tile Palettes/Animated Tiles/Lake/LakeGrass 2.asset using Guid(2feb3a0f549d8df4282442553e77858c) Importer(815301076,1909f56bfc062723c751e8b465ee728b)  -> (artifact id: '6fe8981f5476ba4815f29dcf1de9516e') in 0.005254 seconds 
========================================================================
Received Import Request.
  Time since last request: 0.000025 seconds.
  path: Assets/KrishnaPalacio/MINIFANTASY Forgotten Plains - Super Low Res 2D Pixel Art by Krishna Palacio/Tile Palettes/Standard Tiles/Ground/Cobblestone21_Minifantasy_ForgottenPlainsTiles_53.asset
  artifactKey: Guid(190c51288d1f1374aa3aeaca7aafee6a) Importer(815301076,1909f56bfc062723c751e8b465ee728b)
Start importing Assets/KrishnaPalacio/MINIFANTASY Forgotten Plains - Super Low Res 2D Pixel Art by Krishna Palacio/Tile Palettes/Standard Tiles/Ground/Cobblestone21_Minifantasy_ForgottenPlainsTiles_53.asset using Guid(190c51288d1f1374aa3aeaca7aafee6a) Importer(815301076,1909f56bfc062723c751e8b465ee728b)  -> (artifact id: 'ce8248fe7c9392c0ab82f90060287085') in 0.009149 seconds 
========================================================================
Received Import Request.
  Time since last request: 0.000023 seconds.
  path: Assets/KrishnaPalacio/MINIFANTASY Forgotten Plains - Super Low Res 2D Pixel Art by Krishna Palacio/Tile Palettes/Standard Tiles/Ground/Cobblestone2_Minifantasy_ForgottenPlainsTiles_24.asset
  artifactKey: Guid(8555c35b1dab2284ca72705f572977d9) Importer(815301076,1909f56bfc062723c751e8b465ee728b)
Start importing Assets/KrishnaPalacio/MINIFANTASY Forgotten Plains - Super Low Res 2D Pixel Art by Krishna Palacio/Tile Palettes/Standard Tiles/Ground/Cobblestone2_Minifantasy_ForgottenPlainsTiles_24.asset using Guid(8555c35b1dab2284ca72705f572977d9) Importer(815301076,1909f56bfc062723c751e8b465ee728b)  -> (artifact id: '631d51aa137c31b4ed099ae6ce3740ad') in 0.008476 seconds 
========================================================================
Received Import Request.
  Time since last request: 0.000021 seconds.
  path: Assets/KrishnaPalacio/MINIFANTASY Forgotten Plains - Super Low Res 2D Pixel Art by Krishna Palacio/Tile Palettes/Standard Tiles/Ground/Cobblestone30_Minifantasy_ForgottenPlainsTiles_145.asset
  artifactKey: Guid(584edb3eb702419469994628edfb143b) Importer(815301076,1909f56bfc062723c751e8b465ee728b)
Start importing Assets/KrishnaPalacio/MINIFANTASY Forgotten Plains - Super Low Res 2D Pixel Art by Krishna Palacio/Tile Palettes/Standard Tiles/Ground/Cobblestone30_Minifantasy_ForgottenPlainsTiles_145.asset using Guid(584edb3eb702419469994628edfb143b) Importer(815301076,1909f56bfc062723c751e8b465ee728b)  -> (artifact id: 'f3c1718b9042d36f704c007e5a8b2327') in 0.010144 seconds 
========================================================================
Received Import Request.
  Time since last request: 0.000022 seconds.
  path: Assets/KrishnaPalacio/MINIFANTASY Forgotten Plains - Super Low Res 2D Pixel Art by Krishna Palacio/Tile Palettes/Animated Tiles/Lake/LakeDirt 2.asset
  artifactKey: Guid(a019e1b0ae86d4e44b841eec77d4502e) Importer(815301076,1909f56bfc062723c751e8b465ee728b)
Start importing Assets/KrishnaPalacio/MINIFANTASY Forgotten Plains - Super Low Res 2D Pixel Art by Krishna Palacio/Tile Palettes/Animated Tiles/Lake/LakeDirt 2.asset using Guid(a019e1b0ae86d4e44b841eec77d4502e) Importer(815301076,1909f56bfc062723c751e8b465ee728b)  -> (artifact id: '18c96c8d0c6d94c44e1d6959fb3217f5') in 0.004727 seconds 
========================================================================
Received Import Request.
  Time since last request: 0.000021 seconds.
  path: Assets/KrishnaPalacio/MINIFANTASY Forgotten Plains - Super Low Res 2D Pixel Art by Krishna Palacio/Tile Palettes/Animated Tiles/Lake/LakeDirt 10.asset
  artifactKey: Guid(d83190156f4dcc347b07de20a6dd42cd) Importer(815301076,1909f56bfc062723c751e8b465ee728b)
Start importing Assets/KrishnaPalacio/MINIFANTASY Forgotten Plains - Super Low Res 2D Pixel Art by Krishna Palacio/Tile Palettes/Animated Tiles/Lake/LakeDirt 10.asset using Guid(d83190156f4dcc347b07de20a6dd42cd) Importer(815301076,1909f56bfc062723c751e8b465ee728b)  -> (artifact id: '523633b298bcb7b5c84946860e977360') in 0.005577 seconds 
========================================================================
Received Import Request.
  Time since last request: 0.000025 seconds.
  path: Assets/KrishnaPalacio/MINIFANTASY Forgotten Plains - Super Low Res 2D Pixel Art by Krishna Palacio/Tile Palettes/Standard Tiles/Ground/Cobblestone28_Minifantasy_ForgottenPlainsTiles_143.asset
  artifactKey: Guid(8b98e41da4099504f9d4b053bd666002) Importer(815301076,1909f56bfc062723c751e8b465ee728b)
Start importing Assets/KrishnaPalacio/MINIFANTASY Forgotten Plains - Super Low Res 2D Pixel Art by Krishna Palacio/Tile Palettes/Standard Tiles/Ground/Cobblestone28_Minifantasy_ForgottenPlainsTiles_143.asset using Guid(8b98e41da4099504f9d4b053bd666002) Importer(815301076,1909f56bfc062723c751e8b465ee728b)  -> (artifact id: 'e77bb958f675c97930e39efc5ec016bd') in 0.009629 seconds 
========================================================================
Received Import Request.
  Time since last request: 0.000021 seconds.
  path: Assets/KrishnaPalacio/MINIFANTASY Forgotten Plains - Super Low Res 2D Pixel Art by Krishna Palacio/Tile Palettes/Standard Tiles/Ground/Cobblestone26_Minifantasy_ForgottenPlainsTiles_112.asset
  artifactKey: Guid(13cf50eb3e068264ca913e187d9ea1cc) Importer(815301076,1909f56bfc062723c751e8b465ee728b)
Start importing Assets/KrishnaPalacio/MINIFANTASY Forgotten Plains - Super Low Res 2D Pixel Art by Krishna Palacio/Tile Palettes/Standard Tiles/Ground/Cobblestone26_Minifantasy_ForgottenPlainsTiles_112.asset using Guid(13cf50eb3e068264ca913e187d9ea1cc) Importer(815301076,1909f56bfc062723c751e8b465ee728b)  -> (artifact id: '6557ed83cffc7143c770dfbd0454c76f') in 0.010276 seconds 
========================================================================
Received Import Request.
  Time since last request: 0.000018 seconds.
  path: Assets/KrishnaPalacio/MINIFANTASY Forgotten Plains - Super Low Res 2D Pixel Art by Krishna Palacio/Tile Palettes/Standard Tiles/Ground/Cobblestone13_Minifantasy_ForgottenPlainsTiles_140.asset
  artifactKey: Guid(2dcce9958243b1f4caccd8431fc453b5) Importer(815301076,1909f56bfc062723c751e8b465ee728b)
Start importing Assets/KrishnaPalacio/MINIFANTASY Forgotten Plains - Super Low Res 2D Pixel Art by Krishna Palacio/Tile Palettes/Standard Tiles/Ground/Cobblestone13_Minifantasy_ForgottenPlainsTiles_140.asset using Guid(2dcce9958243b1f4caccd8431fc453b5) Importer(815301076,1909f56bfc062723c751e8b465ee728b)  -> (artifact id: '50b035e204e0047be53a84246f110ab9') in 0.009687 seconds 
========================================================================
Received Import Request.
  Time since last request: 0.000019 seconds.
  path: Assets/KrishnaPalacio/MINIFANTASY Forgotten Plains - Super Low Res 2D Pixel Art by Krishna Palacio/Tile Palettes/Animated Tiles/Lake/LakeDirt 4.asset
  artifactKey: Guid(6e140d71627a0af428e3191ee83b35d1) Importer(815301076,1909f56bfc062723c751e8b465ee728b)
Start importing Assets/KrishnaPalacio/MINIFANTASY Forgotten Plains - Super Low Res 2D Pixel Art by Krishna Palacio/Tile Palettes/Animated Tiles/Lake/LakeDirt 4.asset using Guid(6e140d71627a0af428e3191ee83b35d1) Importer(815301076,1909f56bfc062723c751e8b465ee728b)  -> (artifact id: '69c16437b5e59d3084e0f6e4bd55aa21') in 0.004866 seconds 
========================================================================
Received Import Request.
  Time since last request: 0.000020 seconds.
  path: Assets/KrishnaPalacio/MINIFANTASY Forgotten Plains - Super Low Res 2D Pixel Art by Krishna Palacio/Tile Palettes/Animated Tiles/Lake/LakeGrass 5.asset
  artifactKey: Guid(248c16580be16924cbbc2ee9c78d227d) Importer(815301076,1909f56bfc062723c751e8b465ee728b)
Start importing Assets/KrishnaPalacio/MINIFANTASY Forgotten Plains - Super Low Res 2D Pixel Art by Krishna Palacio/Tile Palettes/Animated Tiles/Lake/LakeGrass 5.asset using Guid(248c16580be16924cbbc2ee9c78d227d) Importer(815301076,1909f56bfc062723c751e8b465ee728b)  -> (artifact id: '9a00c800b83c866d9a5ffc70a12f6da3') in 0.005157 seconds 
========================================================================
Received Import Request.
  Time since last request: 0.000022 seconds.
  path: Assets/KrishnaPalacio/MINIFANTASY Forgotten Plains - Super Low Res 2D Pixel Art by Krishna Palacio/Tile Palettes/Standard Tiles/Ground/Cobblestone10_Minifantasy_ForgottenPlainsTiles_108.asset
  artifactKey: Guid(78e235b6553892e4b92b7181f61046ac) Importer(815301076,1909f56bfc062723c751e8b465ee728b)
Start importing Assets/KrishnaPalacio/MINIFANTASY Forgotten Plains - Super Low Res 2D Pixel Art by Krishna Palacio/Tile Palettes/Standard Tiles/Ground/Cobblestone10_Minifantasy_ForgottenPlainsTiles_108.asset using Guid(78e235b6553892e4b92b7181f61046ac) Importer(815301076,1909f56bfc062723c751e8b465ee728b)  -> (artifact id: '319bf113fc626b5142448b4e1e127a29') in 0.009299 seconds 
========================================================================
Received Import Request.
  Time since last request: 0.000022 seconds.
  path: Assets/KrishnaPalacio/MINIFANTASY Forgotten Plains - Super Low Res 2D Pixel Art by Krishna Palacio/Tile Palettes/Standard Tiles/Ground/Cobblestone3_Minifantasy_ForgottenPlainsTiles_25.asset
  artifactKey: Guid(ec76a7097c1fcfb43ab79cdbc8da4584) Importer(815301076,1909f56bfc062723c751e8b465ee728b)
Start importing Assets/KrishnaPalacio/MINIFANTASY Forgotten Plains - Super Low Res 2D Pixel Art by Krishna Palacio/Tile Palettes/Standard Tiles/Ground/Cobblestone3_Minifantasy_ForgottenPlainsTiles_25.asset using Guid(ec76a7097c1fcfb43ab79cdbc8da4584) Importer(815301076,1909f56bfc062723c751e8b465ee728b)  -> (artifact id: 'fd3f073e83a5243ccd16c89bce62a6c7') in 0.009140 seconds 
========================================================================
Received Import Request.
  Time since last request: 0.000018 seconds.
  path: Assets/KrishnaPalacio/MINIFANTASY Forgotten Plains - Super Low Res 2D Pixel Art by Krishna Palacio/Tile Palettes/Standard Tiles/Ground/Cobblestone29_Minifantasy_ForgottenPlainsTiles_144.asset
  artifactKey: Guid(91c6641e725a46d44998d747ecb8dbb7) Importer(815301076,1909f56bfc062723c751e8b465ee728b)
Start importing Assets/KrishnaPalacio/MINIFANTASY Forgotten Plains - Super Low Res 2D Pixel Art by Krishna Palacio/Tile Palettes/Standard Tiles/Ground/Cobblestone29_Minifantasy_ForgottenPlainsTiles_144.asset using Guid(91c6641e725a46d44998d747ecb8dbb7) Importer(815301076,1909f56bfc062723c751e8b465ee728b)  -> (artifact id: '5bc145f49a7784a4cacab3849962385a') in 0.008476 seconds 
========================================================================
Received Import Request.
  Time since last request: 0.000018 seconds.
  path: Assets/KrishnaPalacio/MINIFANTASY Forgotten Plains - Super Low Res 2D Pixel Art by Krishna Palacio/Tile Palettes/Animated Tiles/Lake/LakeGrass 14.asset
  artifactKey: Guid(c12ba2972d98d0a4e8a13551190552e0) Importer(815301076,1909f56bfc062723c751e8b465ee728b)
Start importing Assets/KrishnaPalacio/MINIFANTASY Forgotten Plains - Super Low Res 2D Pixel Art by Krishna Palacio/Tile Palettes/Animated Tiles/Lake/LakeGrass 14.asset using Guid(c12ba2972d98d0a4e8a13551190552e0) Importer(815301076,1909f56bfc062723c751e8b465ee728b)  -> (artifact id: 'fc345868d9d61b534f981459a6a47db9') in 0.005027 seconds 
========================================================================
Received Import Request.
  Time since last request: 0.000025 seconds.
  path: Assets/KrishnaPalacio/MINIFANTASY Forgotten Plains - Super Low Res 2D Pixel Art by Krishna Palacio/Tile Palettes/Standard Tiles/Ground/Cobblestone18_Minifantasy_ForgottenPlainsTiles_28.asset
  artifactKey: Guid(9b1cd7fb418900442b1f3229d2314f3e) Importer(815301076,1909f56bfc062723c751e8b465ee728b)
Start importing Assets/KrishnaPalacio/MINIFANTASY Forgotten Plains - Super Low Res 2D Pixel Art by Krishna Palacio/Tile Palettes/Standard Tiles/Ground/Cobblestone18_Minifantasy_ForgottenPlainsTiles_28.asset using Guid(9b1cd7fb418900442b1f3229d2314f3e) Importer(815301076,1909f56bfc062723c751e8b465ee728b)  -> (artifact id: '03f714e566120f0e89e721af0ff5d682') in 0.009708 seconds 
========================================================================
Received Import Request.
  Time since last request: 0.000033 seconds.
  path: Assets/KrishnaPalacio/MINIFANTASY Forgotten Plains - Super Low Res 2D Pixel Art by Krishna Palacio/Tile Palettes/Standard Tiles/Ground/Cobblestone31_Minifantasy_ForgottenPlainsTiles_29.asset
  artifactKey: Guid(a1522318a5eb2c140aa49d1292179393) Importer(815301076,1909f56bfc062723c751e8b465ee728b)
Start importing Assets/KrishnaPalacio/MINIFANTASY Forgotten Plains - Super Low Res 2D Pixel Art by Krishna Palacio/Tile Palettes/Standard Tiles/Ground/Cobblestone31_Minifantasy_ForgottenPlainsTiles_29.asset using Guid(a1522318a5eb2c140aa49d1292179393) Importer(815301076,1909f56bfc062723c751e8b465ee728b)  -> (artifact id: '5e27938228b15317aa40c654cc79b849') in 0.009462 seconds 
========================================================================
Received Import Request.
  Time since last request: 0.000733 seconds.
  path: Assets/KrishnaPalacio/MINIFANTASY Forgotten Plains - Super Low Res 2D Pixel Art by Krishna Palacio/Tile Palettes/Animated Tiles/Lake/LakeGrass 12.asset
  artifactKey: Guid(c539c24fba266d642bbf5cb716f93608) Importer(815301076,1909f56bfc062723c751e8b465ee728b)
Start importing Assets/KrishnaPalacio/MINIFANTASY Forgotten Plains - Super Low Res 2D Pixel Art by Krishna Palacio/Tile Palettes/Animated Tiles/Lake/LakeGrass 12.asset using Guid(c539c24fba266d642bbf5cb716f93608) Importer(815301076,1909f56bfc062723c751e8b465ee728b)  -> (artifact id: '946b25e67cb78c72d50320a2cd4d915b') in 0.005938 seconds 
========================================================================
Received Import Request.
  Time since last request: 0.000022 seconds.
  path: Assets/KrishnaPalacio/MINIFANTASY Forgotten Plains - Super Low Res 2D Pixel Art by Krishna Palacio/Tile Palettes/Animated Tiles/Lake/LakeDirt 11.asset
  artifactKey: Guid(f0b004e3a0d184d4f8bc8f8f0749f0ca) Importer(815301076,1909f56bfc062723c751e8b465ee728b)
Start importing Assets/KrishnaPalacio/MINIFANTASY Forgotten Plains - Super Low Res 2D Pixel Art by Krishna Palacio/Tile Palettes/Animated Tiles/Lake/LakeDirt 11.asset using Guid(f0b004e3a0d184d4f8bc8f8f0749f0ca) Importer(815301076,1909f56bfc062723c751e8b465ee728b)  -> (artifact id: '4608350de0bf74434f00c392116bf76a') in 0.004862 seconds 
========================================================================
Received Import Request.
  Time since last request: 0.000023 seconds.
  path: Assets/KrishnaPalacio/MINIFANTASY Forgotten Plains - Super Low Res 2D Pixel Art by Krishna Palacio/Tile Palettes/Standard Tiles/Ground/Cobblestone32_Minifantasy_ForgottenPlainsTiles_30.asset
  artifactKey: Guid(13bb9bf71e079f741886f8093693beff) Importer(815301076,1909f56bfc062723c751e8b465ee728b)
Start importing Assets/KrishnaPalacio/MINIFANTASY Forgotten Plains - Super Low Res 2D Pixel Art by Krishna Palacio/Tile Palettes/Standard Tiles/Ground/Cobblestone32_Minifantasy_ForgottenPlainsTiles_30.asset using Guid(13bb9bf71e079f741886f8093693beff) Importer(815301076,1909f56bfc062723c751e8b465ee728b)  -> (artifact id: '08e91d60e00a91f08be5e34991aec9dd') in 0.009223 seconds 
========================================================================
Received Import Request.
  Time since last request: 0.000022 seconds.
  path: Assets/KrishnaPalacio/MINIFANTASY Forgotten Plains - Super Low Res 2D Pixel Art by Krishna Palacio/Tile Palettes/Animated Tiles/Lake/LakeGrass 7.asset
  artifactKey: Guid(ea14f9ce8523a1446b6bf32c5b6e664a) Importer(815301076,1909f56bfc062723c751e8b465ee728b)
Start importing Assets/KrishnaPalacio/MINIFANTASY Forgotten Plains - Super Low Res 2D Pixel Art by Krishna Palacio/Tile Palettes/Animated Tiles/Lake/LakeGrass 7.asset using Guid(ea14f9ce8523a1446b6bf32c5b6e664a) Importer(815301076,1909f56bfc062723c751e8b465ee728b)  -> (artifact id: '5d6a7af08db9200696f69d7dd1608d75') in 0.005457 seconds 
========================================================================
Received Import Request.
  Time since last request: 0.000022 seconds.
  path: Assets/KrishnaPalacio/MINIFANTASY Forgotten Plains - Super Low Res 2D Pixel Art by Krishna Palacio/Tile Palettes/Standard Tiles/Ground/Cobblestone16_Minifantasy_ForgottenPlainsTiles_26.asset
  artifactKey: Guid(dfc0fe2fb4b5ec846ac273bec89679f4) Importer(815301076,1909f56bfc062723c751e8b465ee728b)
Start importing Assets/KrishnaPalacio/MINIFANTASY Forgotten Plains - Super Low Res 2D Pixel Art by Krishna Palacio/Tile Palettes/Standard Tiles/Ground/Cobblestone16_Minifantasy_ForgottenPlainsTiles_26.asset using Guid(dfc0fe2fb4b5ec846ac273bec89679f4) Importer(815301076,1909f56bfc062723c751e8b465ee728b)  -> (artifact id: 'c92d7b5a34c8115cc6e6bb461df1eef9') in 0.009539 seconds 
========================================================================
Received Import Request.
  Time since last request: 0.000021 seconds.
  path: Assets/KrishnaPalacio/MINIFANTASY Forgotten Plains - Super Low Res 2D Pixel Art by Krishna Palacio/Tile Palettes/Standard Tiles/Ground/Cobblestone4_Minifantasy_ForgottenPlainsTiles_48.asset
  artifactKey: Guid(ccb415962a4b8404eb5337d6e8efe374) Importer(815301076,1909f56bfc062723c751e8b465ee728b)
Start importing Assets/KrishnaPalacio/MINIFANTASY Forgotten Plains - Super Low Res 2D Pixel Art by Krishna Palacio/Tile Palettes/Standard Tiles/Ground/Cobblestone4_Minifantasy_ForgottenPlainsTiles_48.asset using Guid(ccb415962a4b8404eb5337d6e8efe374) Importer(815301076,1909f56bfc062723c751e8b465ee728b)  -> (artifact id: 'c8d56b599d1276c8576e86b5d56a82b3') in 0.009552 seconds 
========================================================================
Received Import Request.
  Time since last request: 0.000021 seconds.
  path: Assets/KrishnaPalacio/MINIFANTASY Forgotten Plains - Super Low Res 2D Pixel Art by Krishna Palacio/Tile Palettes/Animated Tiles/Lake/LakeDirt 8.asset
  artifactKey: Guid(0f0993d94b85d63498792bb9d6c8ad06) Importer(815301076,1909f56bfc062723c751e8b465ee728b)
Start importing Assets/KrishnaPalacio/MINIFANTASY Forgotten Plains - Super Low Res 2D Pixel Art by Krishna Palacio/Tile Palettes/Animated Tiles/Lake/LakeDirt 8.asset using Guid(0f0993d94b85d63498792bb9d6c8ad06) Importer(815301076,1909f56bfc062723c751e8b465ee728b)  -> (artifact id: '2b90f7fff9905819f34226829ace7f3a') in 0.004994 seconds 
========================================================================
Received Import Request.
  Time since last request: 0.000023 seconds.
  path: Assets/KrishnaPalacio/MINIFANTASY Forgotten Plains - Super Low Res 2D Pixel Art by Krishna Palacio/Tile Palettes/Standard Tiles/Ground/Cobblestone11_Minifantasy_ForgottenPlainsTiles_109.asset
  artifactKey: Guid(c9f8f22a8a975c04e831298b428e080d) Importer(815301076,1909f56bfc062723c751e8b465ee728b)
Start importing Assets/KrishnaPalacio/MINIFANTASY Forgotten Plains - Super Low Res 2D Pixel Art by Krishna Palacio/Tile Palettes/Standard Tiles/Ground/Cobblestone11_Minifantasy_ForgottenPlainsTiles_109.asset using Guid(c9f8f22a8a975c04e831298b428e080d) Importer(815301076,1909f56bfc062723c751e8b465ee728b)  -> (artifact id: 'b9085402346e100806f965b1ac739cc1') in 0.011570 seconds 
========================================================================
Received Import Request.
  Time since last request: 0.000024 seconds.
  path: Assets/KrishnaPalacio/MINIFANTASY Forgotten Plains - Super Low Res 2D Pixel Art by Krishna Palacio/Prefabs/Props/Tree.prefab
  artifactKey: Guid(d16432bc131ab054ca5708ca89421b5b) Importer(815301076,1909f56bfc062723c751e8b465ee728b)
Start importing Assets/KrishnaPalacio/MINIFANTASY Forgotten Plains - Super Low Res 2D Pixel Art by Krishna Palacio/Prefabs/Props/Tree.prefab using Guid(d16432bc131ab054ca5708ca89421b5b) Importer(815301076,1909f56bfc062723c751e8b465ee728b)  -> (artifact id: 'd2089482bc9e622b556c58074e23bc69') in 0.012044 seconds 
========================================================================
Received Import Request.
  Time since last request: 0.000025 seconds.
  path: Assets/KrishnaPalacio/MINIFANTASY Forgotten Plains - Super Low Res 2D Pixel Art by Krishna Palacio/Tile Palettes/Animated Tiles/Lake/LakeGrass 15.asset
  artifactKey: Guid(91651864d904ff94fab08ea028e5f377) Importer(815301076,1909f56bfc062723c751e8b465ee728b)
Start importing Assets/KrishnaPalacio/MINIFANTASY Forgotten Plains - Super Low Res 2D Pixel Art by Krishna Palacio/Tile Palettes/Animated Tiles/Lake/LakeGrass 15.asset using Guid(91651864d904ff94fab08ea028e5f377) Importer(815301076,1909f56bfc062723c751e8b465ee728b)  -> (artifact id: '28a7b9baa9877df3c06df8ef7d5eddfe') in 0.005115 seconds 
========================================================================
Received Prepare
Registering precompiled user dll's ...
Registered in 0.004844 seconds.
Begin MonoManager ReloadAssembly
Symbol file LoadedFromMemory doesn't match image D:\labs unity\Lab\Library\PackageCache\com.unity.visualscripting@1.7.8\Editor\VisualScripting.Core\Dependencies\YamlDotNet\Unity.VisualScripting.YamlDotNet.dll
Symbol file LoadedFromMemory doesn't match image D:\labs unity\Lab\Library\PackageCache\com.unity.visualscripting@1.7.8\Editor\VisualScripting.Core\Dependencies\DotNetZip\Unity.VisualScripting.IonicZip.dll
Native extension for WindowsStandalone target not found
Native extension for WebGL target not found
Refreshing native plugins compatible for Editor in 0.86 ms, found 4 plugins.
Preloading 0 native plugins for Editor in 0.00 ms.
Mono: successfully reloaded assembly
- Completed reload, in  1.075 seconds
Domain Reload Profiling:
	ReloadAssembly (1076ms)
		BeginReloadAssembly (133ms)
			ExecutionOrderSort (0ms)
			DisableScriptedObjects (7ms)
			BackupInstance (0ms)
			ReleaseScriptingObjects (0ms)
			CreateAndSetChildDomain (38ms)
		EndReloadAssembly (840ms)
			LoadAssemblies (84ms)
			RebuildTransferFunctionScriptingTraits (0ms)
			SetupTypeCache (250ms)
			ReleaseScriptCaches (1ms)
			RebuildScriptCaches (49ms)
			SetupLoadedEditorAssemblies (405ms)
				LogAssemblyErrors (0ms)
				InitializePlatformSupportModulesInManaged (14ms)
				SetLoadedEditorAssemblies (0ms)
				RefreshPlugins (1ms)
				BeforeProcessingInitializeOnLoad (98ms)
				ProcessInitializeOnLoadAttributes (241ms)
				ProcessInitializeOnLoadMethodAttributes (46ms)
				AfterProcessingInitializeOnLoad (3ms)
				EditorAssembliesLoaded (0ms)
			ExecutionOrderSort2 (0ms)
			AwakeInstancesAfterBackupRestoration (10ms)
Platform modules already initialized, skipping
Refreshing native plugins compatible for Editor in 2.38 ms, found 4 plugins.
Preloading 0 native plugins for Editor in 0.00 ms.
Unloading 4065 Unused Serialized files (Serialized files now loaded: 0)
Unloading 25 unused Assets / (24.7 KB). Loaded Objects now: 4546.
Memory consumption went from 155.4 MB to 155.3 MB.
Total: 3.380800 ms (FindLiveObjects: 0.333900 ms CreateObjectMapping: 0.113700 ms MarkObjects: 2.910500 ms  DeleteObjects: 0.021500 ms)

AssetImportParameters requested are different than current active one (requested -> active):
  custom:video-decoder-ogg-theora: a1e56fd34408186e4bbccfd4996cb3dc -> 
  custom:container-muxer-webm: aa71ff27fc2769a1b78a27578f13a17b -> 
  custom:container-demuxer-webm: 4f35f7cbe854078d1ac9338744f61a02 -> 
  custom:video-encoder-webm-vp8: eb34c28f22e8b96e1ab97ce403110664 -> 
  custom:audio-encoder-webm-vorbis: bf7c407c2cedff20999df2af8eb42d56 -> 
  custom:framework-win-MediaFoundation: 216162199b28c13a410421893ffa2e32 -> 
  custom:container-demuxer-ogg: 62fdf1f143b41e24485cea50d1cbac27 -> 
  custom:video-decoder-webm-vp8: 9c59270c3fd7afecdb556c50c9e8de78 -> 
  custom:audio-decoder-ogg-vorbis: bf7c407c2cedff20999df2af8eb42d56 -> 
========================================================================
Received Prepare
Registering precompiled user dll's ...
Registered in 0.005025 seconds.
Begin MonoManager ReloadAssembly
Symbol file LoadedFromMemory doesn't match image D:\labs unity\Lab\Library\PackageCache\com.unity.visualscripting@1.7.8\Editor\VisualScripting.Core\Dependencies\YamlDotNet\Unity.VisualScripting.YamlDotNet.dll
Symbol file LoadedFromMemory doesn't match image D:\labs unity\Lab\Library\PackageCache\com.unity.visualscripting@1.7.8\Editor\VisualScripting.Core\Dependencies\DotNetZip\Unity.VisualScripting.IonicZip.dll
Native extension for WindowsStandalone target not found
Native extension for WebGL target not found
Refreshing native plugins compatible for Editor in 0.82 ms, found 4 plugins.
Preloading 0 native plugins for Editor in 0.00 ms.
Mono: successfully reloaded assembly
- Completed reload, in  0.981 seconds
Domain Reload Profiling:
	ReloadAssembly (981ms)
		BeginReloadAssembly (124ms)
			ExecutionOrderSort (0ms)
			DisableScriptedObjects (7ms)
			BackupInstance (0ms)
			ReleaseScriptingObjects (0ms)
			CreateAndSetChildDomain (34ms)
		EndReloadAssembly (763ms)
			LoadAssemblies (84ms)
			RebuildTransferFunctionScriptingTraits (0ms)
			SetupTypeCache (225ms)
			ReleaseScriptCaches (1ms)
			RebuildScriptCaches (47ms)
			SetupLoadedEditorAssemblies (362ms)
				LogAssemblyErrors (0ms)
				InitializePlatformSupportModulesInManaged (14ms)
				SetLoadedEditorAssemblies (0ms)
				RefreshPlugins (1ms)
				BeforeProcessingInitializeOnLoad (77ms)
				ProcessInitializeOnLoadAttributes (222ms)
				ProcessInitializeOnLoadMethodAttributes (44ms)
				AfterProcessingInitializeOnLoad (4ms)
				EditorAssembliesLoaded (0ms)
			ExecutionOrderSort2 (0ms)
			AwakeInstancesAfterBackupRestoration (9ms)
Platform modules already initialized, skipping
Refreshing native plugins compatible for Editor in 2.13 ms, found 4 plugins.
Preloading 0 native plugins for Editor in 0.00 ms.
Unloading 4065 Unused Serialized files (Serialized files now loaded: 0)
Unloading 25 unused Assets / (24.7 KB). Loaded Objects now: 4549.
Memory consumption went from 155.4 MB to 155.3 MB.
Total: 3.352000 ms (FindLiveObjects: 0.328600 ms CreateObjectMapping: 0.127400 ms MarkObjects: 2.870200 ms  DeleteObjects: 0.024900 ms)

AssetImportParameters requested are different than current active one (requested -> active):
  custom:video-decoder-ogg-theora: a1e56fd34408186e4bbccfd4996cb3dc -> 
  custom:container-muxer-webm: aa71ff27fc2769a1b78a27578f13a17b -> 
  custom:container-demuxer-webm: 4f35f7cbe854078d1ac9338744f61a02 -> 
  custom:video-encoder-webm-vp8: eb34c28f22e8b96e1ab97ce403110664 -> 
  custom:audio-encoder-webm-vorbis: bf7c407c2cedff20999df2af8eb42d56 -> 
  custom:framework-win-MediaFoundation: 216162199b28c13a410421893ffa2e32 -> 
  custom:container-demuxer-ogg: 62fdf1f143b41e24485cea50d1cbac27 -> 
  custom:video-decoder-webm-vp8: 9c59270c3fd7afecdb556c50c9e8de78 -> 
  custom:audio-decoder-ogg-vorbis: bf7c407c2cedff20999df2af8eb42d56 -> 
========================================================================
Received Prepare
Registering precompiled user dll's ...
Registered in 0.005131 seconds.
Begin MonoManager ReloadAssembly
Symbol file LoadedFromMemory doesn't match image D:\labs unity\Lab\Library\PackageCache\com.unity.visualscripting@1.7.8\Editor\VisualScripting.Core\Dependencies\YamlDotNet\Unity.VisualScripting.YamlDotNet.dll
Symbol file LoadedFromMemory doesn't match image D:\labs unity\Lab\Library\PackageCache\com.unity.visualscripting@1.7.8\Editor\VisualScripting.Core\Dependencies\DotNetZip\Unity.VisualScripting.IonicZip.dll
Native extension for WindowsStandalone target not found
Native extension for WebGL target not found
Refreshing native plugins compatible for Editor in 0.87 ms, found 4 plugins.
Preloading 0 native plugins for Editor in 0.00 ms.
Mono: successfully reloaded assembly
- Completed reload, in  1.043 seconds
Domain Reload Profiling:
	ReloadAssembly (1044ms)
		BeginReloadAssembly (127ms)
			ExecutionOrderSort (0ms)
			DisableScriptedObjects (8ms)
			BackupInstance (0ms)
			ReleaseScriptingObjects (0ms)
			CreateAndSetChildDomain (35ms)
		EndReloadAssembly (819ms)
			LoadAssemblies (84ms)
			RebuildTransferFunctionScriptingTraits (0ms)
			SetupTypeCache (243ms)
			ReleaseScriptCaches (1ms)
			RebuildScriptCaches (50ms)
			SetupLoadedEditorAssemblies (386ms)
				LogAssemblyErrors (0ms)
				InitializePlatformSupportModulesInManaged (14ms)
				SetLoadedEditorAssemblies (1ms)
				RefreshPlugins (1ms)
				BeforeProcessingInitializeOnLoad (80ms)
				ProcessInitializeOnLoadAttributes (241ms)
				ProcessInitializeOnLoadMethodAttributes (46ms)
				AfterProcessingInitializeOnLoad (3ms)
				EditorAssembliesLoaded (0ms)
			ExecutionOrderSort2 (0ms)
			AwakeInstancesAfterBackupRestoration (10ms)
Platform modules already initialized, skipping
Refreshing native plugins compatible for Editor in 2.25 ms, found 4 plugins.
Preloading 0 native plugins for Editor in 0.00 ms.
Unloading 4065 Unused Serialized files (Serialized files now loaded: 0)
Unloading 25 unused Assets / (24.6 KB). Loaded Objects now: 4552.
Memory consumption went from 155.4 MB to 155.3 MB.
Total: 3.060800 ms (FindLiveObjects: 0.265500 ms CreateObjectMapping: 0.098700 ms MarkObjects: 2.674100 ms  DeleteObjects: 0.021700 ms)

AssetImportParameters requested are different than current active one (requested -> active):
  custom:video-decoder-ogg-theora: a1e56fd34408186e4bbccfd4996cb3dc -> 
  custom:container-muxer-webm: aa71ff27fc2769a1b78a27578f13a17b -> 
  custom:container-demuxer-webm: 4f35f7cbe854078d1ac9338744f61a02 -> 
  custom:video-encoder-webm-vp8: eb34c28f22e8b96e1ab97ce403110664 -> 
  custom:audio-encoder-webm-vorbis: bf7c407c2cedff20999df2af8eb42d56 -> 
  custom:framework-win-MediaFoundation: 216162199b28c13a410421893ffa2e32 -> 
  custom:container-demuxer-ogg: 62fdf1f143b41e24485cea50d1cbac27 -> 
  custom:video-decoder-webm-vp8: 9c59270c3fd7afecdb556c50c9e8de78 -> 
  custom:audio-decoder-ogg-vorbis: bf7c407c2cedff20999df2af8eb42d56 -> 
========================================================================
Received Prepare
Registering precompiled user dll's ...
Registered in 0.006033 seconds.
Begin MonoManager ReloadAssembly
Symbol file LoadedFromMemory doesn't match image D:\labs unity\Lab\Library\PackageCache\com.unity.visualscripting@1.7.8\Editor\VisualScripting.Core\Dependencies\YamlDotNet\Unity.VisualScripting.YamlDotNet.dll
Symbol file LoadedFromMemory doesn't match image D:\labs unity\Lab\Library\PackageCache\com.unity.visualscripting@1.7.8\Editor\VisualScripting.Core\Dependencies\DotNetZip\Unity.VisualScripting.IonicZip.dll
Native extension for WindowsStandalone target not found
Native extension for WebGL target not found
Refreshing native plugins compatible for Editor in 0.89 ms, found 4 plugins.
Preloading 0 native plugins for Editor in 0.00 ms.
Mono: successfully reloaded assembly
- Completed reload, in  1.076 seconds
Domain Reload Profiling:
	ReloadAssembly (1077ms)
		BeginReloadAssembly (126ms)
			ExecutionOrderSort (0ms)
			DisableScriptedObjects (9ms)
			BackupInstance (0ms)
			ReleaseScriptingObjects (0ms)
			CreateAndSetChildDomain (34ms)
		EndReloadAssembly (850ms)
			LoadAssemblies (78ms)
			RebuildTransferFunctionScriptingTraits (0ms)
			SetupTypeCache (246ms)
			ReleaseScriptCaches (1ms)
			RebuildScriptCaches (59ms)
			SetupLoadedEditorAssemblies (393ms)
				LogAssemblyErrors (0ms)
				InitializePlatformSupportModulesInManaged (14ms)
				SetLoadedEditorAssemblies (1ms)
				RefreshPlugins (1ms)
				BeforeProcessingInitializeOnLoad (80ms)
				ProcessInitializeOnLoadAttributes (246ms)
				ProcessInitializeOnLoadMethodAttributes (47ms)
				AfterProcessingInitializeOnLoad (3ms)
				EditorAssembliesLoaded (0ms)
			ExecutionOrderSort2 (0ms)
			AwakeInstancesAfterBackupRestoration (10ms)
Platform modules already initialized, skipping
Refreshing native plugins compatible for Editor in 2.11 ms, found 4 plugins.
Preloading 0 native plugins for Editor in 0.00 ms.
Unloading 4065 Unused Serialized files (Serialized files now loaded: 0)
Unloading 25 unused Assets / (24.8 KB). Loaded Objects now: 4555.
Memory consumption went from 155.4 MB to 155.3 MB.
Total: 3.006800 ms (FindLiveObjects: 0.269600 ms CreateObjectMapping: 0.105900 ms MarkObjects: 2.607900 ms  DeleteObjects: 0.022400 ms)

AssetImportParameters requested are different than current active one (requested -> active):
  custom:video-decoder-ogg-theora: a1e56fd34408186e4bbccfd4996cb3dc -> 
  custom:container-muxer-webm: aa71ff27fc2769a1b78a27578f13a17b -> 
  custom:container-demuxer-webm: 4f35f7cbe854078d1ac9338744f61a02 -> 
  custom:video-encoder-webm-vp8: eb34c28f22e8b96e1ab97ce403110664 -> 
  custom:audio-encoder-webm-vorbis: bf7c407c2cedff20999df2af8eb42d56 -> 
  custom:framework-win-MediaFoundation: 216162199b28c13a410421893ffa2e32 -> 
  custom:container-demuxer-ogg: 62fdf1f143b41e24485cea50d1cbac27 -> 
  custom:video-decoder-webm-vp8: 9c59270c3fd7afecdb556c50c9e8de78 -> 
  custom:audio-decoder-ogg-vorbis: bf7c407c2cedff20999df2af8eb42d56 -> 
========================================================================
Received Prepare
Registering precompiled user dll's ...
Registered in 0.005657 seconds.
Begin MonoManager ReloadAssembly
Symbol file LoadedFromMemory doesn't match image D:\labs unity\Lab\Library\PackageCache\com.unity.visualscripting@1.7.8\Editor\VisualScripting.Core\Dependencies\YamlDotNet\Unity.VisualScripting.YamlDotNet.dll
Symbol file LoadedFromMemory doesn't match image D:\labs unity\Lab\Library\PackageCache\com.unity.visualscripting@1.7.8\Editor\VisualScripting.Core\Dependencies\DotNetZip\Unity.VisualScripting.IonicZip.dll
Native extension for WindowsStandalone target not found
Native extension for WebGL target not found
Refreshing native plugins compatible for Editor in 0.73 ms, found 4 plugins.
Preloading 0 native plugins for Editor in 0.00 ms.
Mono: successfully reloaded assembly
- Completed reload, in  1.063 seconds
Domain Reload Profiling:
	ReloadAssembly (1064ms)
		BeginReloadAssembly (132ms)
			ExecutionOrderSort (0ms)
			DisableScriptedObjects (9ms)
			BackupInstance (0ms)
			ReleaseScriptingObjects (0ms)
			CreateAndSetChildDomain (35ms)
		EndReloadAssembly (825ms)
			LoadAssemblies (90ms)
			RebuildTransferFunctionScriptingTraits (0ms)
			SetupTypeCache (243ms)
			ReleaseScriptCaches (1ms)
			RebuildScriptCaches (50ms)
			SetupLoadedEditorAssemblies (390ms)
				LogAssemblyErrors (0ms)
				InitializePlatformSupportModulesInManaged (14ms)
				SetLoadedEditorAssemblies (1ms)
				RefreshPlugins (1ms)
				BeforeProcessingInitializeOnLoad (81ms)
				ProcessInitializeOnLoadAttributes (245ms)
				ProcessInitializeOnLoadMethodAttributes (44ms)
				AfterProcessingInitializeOnLoad (3ms)
				EditorAssembliesLoaded (0ms)
			ExecutionOrderSort2 (0ms)
			AwakeInstancesAfterBackupRestoration (11ms)
Platform modules already initialized, skipping
Refreshing native plugins compatible for Editor in 2.17 ms, found 4 plugins.
Preloading 0 native plugins for Editor in 0.00 ms.
Unloading 4065 Unused Serialized files (Serialized files now loaded: 0)
Unloading 25 unused Assets / (24.8 KB). Loaded Objects now: 4558.
Memory consumption went from 155.4 MB to 155.3 MB.
Total: 2.982800 ms (FindLiveObjects: 0.274100 ms CreateObjectMapping: 0.106400 ms MarkObjects: 2.579200 ms  DeleteObjects: 0.022200 ms)

AssetImportParameters requested are different than current active one (requested -> active):
  custom:video-decoder-ogg-theora: a1e56fd34408186e4bbccfd4996cb3dc -> 
  custom:container-muxer-webm: aa71ff27fc2769a1b78a27578f13a17b -> 
  custom:container-demuxer-webm: 4f35f7cbe854078d1ac9338744f61a02 -> 
  custom:video-encoder-webm-vp8: eb34c28f22e8b96e1ab97ce403110664 -> 
  custom:audio-encoder-webm-vorbis: bf7c407c2cedff20999df2af8eb42d56 -> 
  custom:framework-win-MediaFoundation: 216162199b28c13a410421893ffa2e32 -> 
  custom:container-demuxer-ogg: 62fdf1f143b41e24485cea50d1cbac27 -> 
  custom:video-decoder-webm-vp8: 9c59270c3fd7afecdb556c50c9e8de78 -> 
  custom:audio-decoder-ogg-vorbis: bf7c407c2cedff20999df2af8eb42d56 -> 
========================================================================
Received Prepare
Registering precompiled user dll's ...
Registered in 0.007109 seconds.
Begin MonoManager ReloadAssembly
Symbol file LoadedFromMemory doesn't match image D:\labs unity\Lab\Library\PackageCache\com.unity.visualscripting@1.7.8\Editor\VisualScripting.Core\Dependencies\YamlDotNet\Unity.VisualScripting.YamlDotNet.dll
Symbol file LoadedFromMemory doesn't match image D:\labs unity\Lab\Library\PackageCache\com.unity.visualscripting@1.7.8\Editor\VisualScripting.Core\Dependencies\DotNetZip\Unity.VisualScripting.IonicZip.dll
Native extension for WindowsStandalone target not found
Native extension for WebGL target not found
Refreshing native plugins compatible for Editor in 0.90 ms, found 4 plugins.
Preloading 0 native plugins for Editor in 0.00 ms.
Mono: successfully reloaded assembly
- Completed reload, in  1.051 seconds
Domain Reload Profiling:
	ReloadAssembly (1052ms)
		BeginReloadAssembly (124ms)
			ExecutionOrderSort (0ms)
			DisableScriptedObjects (9ms)
			BackupInstance (0ms)
			ReleaseScriptingObjects (0ms)
			CreateAndSetChildDomain (33ms)
		EndReloadAssembly (826ms)
			LoadAssemblies (82ms)
			RebuildTransferFunctionScriptingTraits (0ms)
			SetupTypeCache (242ms)
			ReleaseScriptCaches (1ms)
			RebuildScriptCaches (51ms)
			SetupLoadedEditorAssemblies (394ms)
				LogAssemblyErrors (0ms)
				InitializePlatformSupportModulesInManaged (14ms)
				SetLoadedEditorAssemblies (1ms)
				RefreshPlugins (1ms)
				BeforeProcessingInitializeOnLoad (81ms)
				ProcessInitializeOnLoadAttributes (247ms)
				ProcessInitializeOnLoadMethodAttributes (46ms)
				AfterProcessingInitializeOnLoad (4ms)
				EditorAssembliesLoaded (0ms)
			ExecutionOrderSort2 (0ms)
			AwakeInstancesAfterBackupRestoration (11ms)
Platform modules already initialized, skipping
Refreshing native plugins compatible for Editor in 2.29 ms, found 4 plugins.
Preloading 0 native plugins for Editor in 0.00 ms.
Unloading 4065 Unused Serialized files (Serialized files now loaded: 0)
Unloading 25 unused Assets / (24.6 KB). Loaded Objects now: 4561.
Memory consumption went from 155.4 MB to 155.4 MB.
Total: 3.472500 ms (FindLiveObjects: 0.336100 ms CreateObjectMapping: 0.118300 ms MarkObjects: 2.989400 ms  DeleteObjects: 0.027500 ms)

AssetImportParameters requested are different than current active one (requested -> active):
  custom:video-decoder-ogg-theora: a1e56fd34408186e4bbccfd4996cb3dc -> 
  custom:container-muxer-webm: aa71ff27fc2769a1b78a27578f13a17b -> 
  custom:container-demuxer-webm: 4f35f7cbe854078d1ac9338744f61a02 -> 
  custom:video-encoder-webm-vp8: eb34c28f22e8b96e1ab97ce403110664 -> 
  custom:audio-encoder-webm-vorbis: bf7c407c2cedff20999df2af8eb42d56 -> 
  custom:framework-win-MediaFoundation: 216162199b28c13a410421893ffa2e32 -> 
  custom:container-demuxer-ogg: 62fdf1f143b41e24485cea50d1cbac27 -> 
  custom:video-decoder-webm-vp8: 9c59270c3fd7afecdb556c50c9e8de78 -> 
  custom:audio-decoder-ogg-vorbis: bf7c407c2cedff20999df2af8eb42d56 -> 
========================================================================
Received Prepare
Registering precompiled user dll's ...
Registered in 0.004851 seconds.
Begin MonoManager ReloadAssembly
Symbol file LoadedFromMemory doesn't match image D:\labs unity\Lab\Library\PackageCache\com.unity.visualscripting@1.7.8\Editor\VisualScripting.Core\Dependencies\YamlDotNet\Unity.VisualScripting.YamlDotNet.dll
Symbol file LoadedFromMemory doesn't match image D:\labs unity\Lab\Library\PackageCache\com.unity.visualscripting@1.7.8\Editor\VisualScripting.Core\Dependencies\DotNetZip\Unity.VisualScripting.IonicZip.dll
Native extension for WindowsStandalone target not found
Native extension for WebGL target not found
Refreshing native plugins compatible for Editor in 0.88 ms, found 4 plugins.
Preloading 0 native plugins for Editor in 0.00 ms.
Mono: successfully reloaded assembly
- Completed reload, in  1.061 seconds
Domain Reload Profiling:
	ReloadAssembly (1062ms)
		BeginReloadAssembly (130ms)
			ExecutionOrderSort (0ms)
			DisableScriptedObjects (8ms)
			BackupInstance (0ms)
			ReleaseScriptingObjects (0ms)
			CreateAndSetChildDomain (35ms)
		EndReloadAssembly (829ms)
			LoadAssemblies (87ms)
			RebuildTransferFunctionScriptingTraits (0ms)
			SetupTypeCache (242ms)
			ReleaseScriptCaches (1ms)
			RebuildScriptCaches (51ms)
			SetupLoadedEditorAssemblies (393ms)
				LogAssemblyErrors (0ms)
				InitializePlatformSupportModulesInManaged (14ms)
				SetLoadedEditorAssemblies (1ms)
				RefreshPlugins (1ms)
				BeforeProcessingInitializeOnLoad (81ms)
				ProcessInitializeOnLoadAttributes (248ms)
				ProcessInitializeOnLoadMethodAttributes (44ms)
				AfterProcessingInitializeOnLoad (3ms)
				EditorAssembliesLoaded (0ms)
			ExecutionOrderSort2 (0ms)
			AwakeInstancesAfterBackupRestoration (10ms)
Platform modules already initialized, skipping
Refreshing native plugins compatible for Editor in 2.30 ms, found 4 plugins.
Preloading 0 native plugins for Editor in 0.00 ms.
Unloading 4065 Unused Serialized files (Serialized files now loaded: 0)
Unloading 25 unused Assets / (24.7 KB). Loaded Objects now: 4564.
Memory consumption went from 155.4 MB to 155.4 MB.
Total: 3.056500 ms (FindLiveObjects: 0.266600 ms CreateObjectMapping: 0.095300 ms MarkObjects: 2.674800 ms  DeleteObjects: 0.018900 ms)

AssetImportParameters requested are different than current active one (requested -> active):
  custom:video-decoder-ogg-theora: a1e56fd34408186e4bbccfd4996cb3dc -> 
  custom:container-muxer-webm: aa71ff27fc2769a1b78a27578f13a17b -> 
  custom:container-demuxer-webm: 4f35f7cbe854078d1ac9338744f61a02 -> 
  custom:video-encoder-webm-vp8: eb34c28f22e8b96e1ab97ce403110664 -> 
  custom:audio-encoder-webm-vorbis: bf7c407c2cedff20999df2af8eb42d56 -> 
  custom:framework-win-MediaFoundation: 216162199b28c13a410421893ffa2e32 -> 
  custom:container-demuxer-ogg: 62fdf1f143b41e24485cea50d1cbac27 -> 
  custom:video-decoder-webm-vp8: 9c59270c3fd7afecdb556c50c9e8de78 -> 
  custom:audio-decoder-ogg-vorbis: bf7c407c2cedff20999df2af8eb42d56 -> 
========================================================================
Received Prepare
Registering precompiled user dll's ...
Registered in 0.005697 seconds.
Begin MonoManager ReloadAssembly
Symbol file LoadedFromMemory doesn't match image D:\labs unity\Lab\Library\PackageCache\com.unity.visualscripting@1.7.8\Editor\VisualScripting.Core\Dependencies\YamlDotNet\Unity.VisualScripting.YamlDotNet.dll
Symbol file LoadedFromMemory doesn't match image D:\labs unity\Lab\Library\PackageCache\com.unity.visualscripting@1.7.8\Editor\VisualScripting.Core\Dependencies\DotNetZip\Unity.VisualScripting.IonicZip.dll
Native extension for WindowsStandalone target not found
Native extension for WebGL target not found
Refreshing native plugins compatible for Editor in 0.91 ms, found 4 plugins.
Preloading 0 native plugins for Editor in 0.00 ms.
Mono: successfully reloaded assembly
- Completed reload, in  1.103 seconds
Domain Reload Profiling:
	ReloadAssembly (1104ms)
		BeginReloadAssembly (131ms)
			ExecutionOrderSort (0ms)
			DisableScriptedObjects (8ms)
			BackupInstance (0ms)
			ReleaseScriptingObjects (0ms)
			CreateAndSetChildDomain (36ms)
		EndReloadAssembly (869ms)
			LoadAssemblies (91ms)
			RebuildTransferFunctionScriptingTraits (0ms)
			SetupTypeCache (271ms)
			ReleaseScriptCaches (1ms)
			RebuildScriptCaches (53ms)
			SetupLoadedEditorAssemblies (397ms)
				LogAssemblyErrors (0ms)
				InitializePlatformSupportModulesInManaged (14ms)
				SetLoadedEditorAssemblies (1ms)
				RefreshPlugins (1ms)
				BeforeProcessingInitializeOnLoad (82ms)
				ProcessInitializeOnLoadAttributes (250ms)
				ProcessInitializeOnLoadMethodAttributes (46ms)
				AfterProcessingInitializeOnLoad (4ms)
				EditorAssembliesLoaded (0ms)
			ExecutionOrderSort2 (0ms)
			AwakeInstancesAfterBackupRestoration (11ms)
Platform modules already initialized, skipping
Refreshing native plugins compatible for Editor in 2.21 ms, found 4 plugins.
Preloading 0 native plugins for Editor in 0.00 ms.
Unloading 4065 Unused Serialized files (Serialized files now loaded: 0)
Unloading 25 unused Assets / (24.7 KB). Loaded Objects now: 4567.
Memory consumption went from 155.4 MB to 155.4 MB.
Total: 3.020000 ms (FindLiveObjects: 0.280100 ms CreateObjectMapping: 0.098100 ms MarkObjects: 2.619100 ms  DeleteObjects: 0.021900 ms)

AssetImportParameters requested are different than current active one (requested -> active):
  custom:video-decoder-ogg-theora: a1e56fd34408186e4bbccfd4996cb3dc -> 
  custom:container-muxer-webm: aa71ff27fc2769a1b78a27578f13a17b -> 
  custom:container-demuxer-webm: 4f35f7cbe854078d1ac9338744f61a02 -> 
  custom:video-encoder-webm-vp8: eb34c28f22e8b96e1ab97ce403110664 -> 
  custom:audio-encoder-webm-vorbis: bf7c407c2cedff20999df2af8eb42d56 -> 
  custom:framework-win-MediaFoundation: 216162199b28c13a410421893ffa2e32 -> 
  custom:container-demuxer-ogg: 62fdf1f143b41e24485cea50d1cbac27 -> 
  custom:video-decoder-webm-vp8: 9c59270c3fd7afecdb556c50c9e8de78 -> 
  custom:audio-decoder-ogg-vorbis: bf7c407c2cedff20999df2af8eb42d56 -> 
========================================================================
Received Prepare
Registering precompiled user dll's ...
Registered in 0.004766 seconds.
Begin MonoManager ReloadAssembly
Symbol file LoadedFromMemory doesn't match image D:\labs unity\Lab\Library\PackageCache\com.unity.visualscripting@1.7.8\Editor\VisualScripting.Core\Dependencies\YamlDotNet\Unity.VisualScripting.YamlDotNet.dll
Symbol file LoadedFromMemory doesn't match image D:\labs unity\Lab\Library\PackageCache\com.unity.visualscripting@1.7.8\Editor\VisualScripting.Core\Dependencies\DotNetZip\Unity.VisualScripting.IonicZip.dll
Native extension for WindowsStandalone target not found
Native extension for WebGL target not found
Refreshing native plugins compatible for Editor in 0.85 ms, found 4 plugins.
Preloading 0 native plugins for Editor in 0.00 ms.
Mono: successfully reloaded assembly
- Completed reload, in  1.059 seconds
Domain Reload Profiling:
	ReloadAssembly (1060ms)
		BeginReloadAssembly (122ms)
			ExecutionOrderSort (0ms)
			DisableScriptedObjects (8ms)
			BackupInstance (0ms)
			ReleaseScriptingObjects (0ms)
			CreateAndSetChildDomain (33ms)
		EndReloadAssembly (831ms)
			LoadAssemblies (83ms)
			RebuildTransferFunctionScriptingTraits (0ms)
			SetupTypeCache (247ms)
			ReleaseScriptCaches (2ms)
			RebuildScriptCaches (52ms)
			SetupLoadedEditorAssemblies (390ms)
				LogAssemblyErrors (0ms)
				InitializePlatformSupportModulesInManaged (15ms)
				SetLoadedEditorAssemblies (1ms)
				RefreshPlugins (1ms)
				BeforeProcessingInitializeOnLoad (82ms)
				ProcessInitializeOnLoadAttributes (245ms)
				ProcessInitializeOnLoadMethodAttributes (43ms)
				AfterProcessingInitializeOnLoad (3ms)
				EditorAssembliesLoaded (0ms)
			ExecutionOrderSort2 (0ms)
			AwakeInstancesAfterBackupRestoration (10ms)
Platform modules already initialized, skipping
Refreshing native plugins compatible for Editor in 2.21 ms, found 4 plugins.
Preloading 0 native plugins for Editor in 0.00 ms.
Unloading 4065 Unused Serialized files (Serialized files now loaded: 0)
Unloading 25 unused Assets / (24.7 KB). Loaded Objects now: 4570.
Memory consumption went from 155.4 MB to 155.4 MB.
Total: 3.678100 ms (FindLiveObjects: 0.316700 ms CreateObjectMapping: 0.149900 ms MarkObjects: 3.182900 ms  DeleteObjects: 0.027500 ms)

AssetImportParameters requested are different than current active one (requested -> active):
  custom:video-decoder-ogg-theora: a1e56fd34408186e4bbccfd4996cb3dc -> 
  custom:container-muxer-webm: aa71ff27fc2769a1b78a27578f13a17b -> 
  custom:container-demuxer-webm: 4f35f7cbe854078d1ac9338744f61a02 -> 
  custom:video-encoder-webm-vp8: eb34c28f22e8b96e1ab97ce403110664 -> 
  custom:audio-encoder-webm-vorbis: bf7c407c2cedff20999df2af8eb42d56 -> 
  custom:framework-win-MediaFoundation: 216162199b28c13a410421893ffa2e32 -> 
  custom:container-demuxer-ogg: 62fdf1f143b41e24485cea50d1cbac27 -> 
  custom:video-decoder-webm-vp8: 9c59270c3fd7afecdb556c50c9e8de78 -> 
  custom:audio-decoder-ogg-vorbis: bf7c407c2cedff20999df2af8eb42d56 -> 
========================================================================
Received Prepare
Registering precompiled user dll's ...
Registered in 0.005945 seconds.
Begin MonoManager ReloadAssembly
Symbol file LoadedFromMemory doesn't match image D:\labs unity\Lab\Library\PackageCache\com.unity.visualscripting@1.7.8\Editor\VisualScripting.Core\Dependencies\YamlDotNet\Unity.VisualScripting.YamlDotNet.dll
Symbol file LoadedFromMemory doesn't match image D:\labs unity\Lab\Library\PackageCache\com.unity.visualscripting@1.7.8\Editor\VisualScripting.Core\Dependencies\DotNetZip\Unity.VisualScripting.IonicZip.dll
Native extension for WindowsStandalone target not found
Native extension for WebGL target not found
Refreshing native plugins compatible for Editor in 0.77 ms, found 4 plugins.
Preloading 0 native plugins for Editor in 0.00 ms.
Mono: successfully reloaded assembly
- Completed reload, in  1.061 seconds
Domain Reload Profiling:
	ReloadAssembly (1062ms)
		BeginReloadAssembly (128ms)
			ExecutionOrderSort (0ms)
			DisableScriptedObjects (8ms)
			BackupInstance (0ms)
			ReleaseScriptingObjects (0ms)
			CreateAndSetChildDomain (33ms)
		EndReloadAssembly (830ms)
			LoadAssemblies (87ms)
			RebuildTransferFunctionScriptingTraits (0ms)
			SetupTypeCache (246ms)
			ReleaseScriptCaches (1ms)
			RebuildScriptCaches (50ms)
			SetupLoadedEditorAssemblies (391ms)
				LogAssemblyErrors (0ms)
				InitializePlatformSupportModulesInManaged (14ms)
				SetLoadedEditorAssemblies (1ms)
				RefreshPlugins (1ms)
				BeforeProcessingInitializeOnLoad (83ms)
				ProcessInitializeOnLoadAttributes (244ms)
				ProcessInitializeOnLoadMethodAttributes (45ms)
				AfterProcessingInitializeOnLoad (3ms)
				EditorAssembliesLoaded (0ms)
			ExecutionOrderSort2 (0ms)
			AwakeInstancesAfterBackupRestoration (11ms)
Platform modules already initialized, skipping
Refreshing native plugins compatible for Editor in 2.26 ms, found 4 plugins.
Preloading 0 native plugins for Editor in 0.00 ms.
Unloading 4065 Unused Serialized files (Serialized files now loaded: 0)
Unloading 25 unused Assets / (25.7 KB). Loaded Objects now: 4573.
Memory consumption went from 155.4 MB to 155.4 MB.
Total: 3.499900 ms (FindLiveObjects: 0.304000 ms CreateObjectMapping: 0.117500 ms MarkObjects: 3.045500 ms  DeleteObjects: 0.032000 ms)

AssetImportParameters requested are different than current active one (requested -> active):
  custom:video-decoder-ogg-theora: a1e56fd34408186e4bbccfd4996cb3dc -> 
  custom:container-muxer-webm: aa71ff27fc2769a1b78a27578f13a17b -> 
  custom:container-demuxer-webm: 4f35f7cbe854078d1ac9338744f61a02 -> 
  custom:video-encoder-webm-vp8: eb34c28f22e8b96e1ab97ce403110664 -> 
  custom:audio-encoder-webm-vorbis: bf7c407c2cedff20999df2af8eb42d56 -> 
  custom:framework-win-MediaFoundation: 216162199b28c13a410421893ffa2e32 -> 
  custom:container-demuxer-ogg: 62fdf1f143b41e24485cea50d1cbac27 -> 
  custom:video-decoder-webm-vp8: 9c59270c3fd7afecdb556c50c9e8de78 -> 
  custom:audio-decoder-ogg-vorbis: bf7c407c2cedff20999df2af8eb42d56 -> 
========================================================================
Received Prepare
Registering precompiled user dll's ...
Registered in 0.004478 seconds.
Begin MonoManager ReloadAssembly
Symbol file LoadedFromMemory doesn't match image D:\labs unity\Lab\Library\PackageCache\com.unity.visualscripting@1.7.8\Editor\VisualScripting.Core\Dependencies\YamlDotNet\Unity.VisualScripting.YamlDotNet.dll
Symbol file LoadedFromMemory doesn't match image D:\labs unity\Lab\Library\PackageCache\com.unity.visualscripting@1.7.8\Editor\VisualScripting.Core\Dependencies\DotNetZip\Unity.VisualScripting.IonicZip.dll
Native extension for WindowsStandalone target not found
Native extension for WebGL target not found
Refreshing native plugins compatible for Editor in 0.88 ms, found 4 plugins.
Preloading 0 native plugins for Editor in 0.00 ms.
Mono: successfully reloaded assembly
- Completed reload, in  1.045 seconds
Domain Reload Profiling:
	ReloadAssembly (1046ms)
		BeginReloadAssembly (119ms)
			ExecutionOrderSort (0ms)
			DisableScriptedObjects (8ms)
			BackupInstance (0ms)
			ReleaseScriptingObjects (0ms)
			CreateAndSetChildDomain (33ms)
		EndReloadAssembly (826ms)
			LoadAssemblies (77ms)
			RebuildTransferFunctionScriptingTraits (0ms)
			SetupTypeCache (239ms)
			ReleaseScriptCaches (1ms)
			RebuildScriptCaches (51ms)
			SetupLoadedEditorAssemblies (394ms)
				LogAssemblyErrors (0ms)
				InitializePlatformSupportModulesInManaged (14ms)
				SetLoadedEditorAssemblies (1ms)
				RefreshPlugins (1ms)
				BeforeProcessingInitializeOnLoad (82ms)
				ProcessInitializeOnLoadAttributes (248ms)
				ProcessInitializeOnLoadMethodAttributes (45ms)
				AfterProcessingInitializeOnLoad (3ms)
				EditorAssembliesLoaded (0ms)
			ExecutionOrderSort2 (0ms)
			AwakeInstancesAfterBackupRestoration (10ms)
Platform modules already initialized, skipping
Refreshing native plugins compatible for Editor in 2.08 ms, found 4 plugins.
Preloading 0 native plugins for Editor in 0.00 ms.
Unloading 4065 Unused Serialized files (Serialized files now loaded: 0)
Unloading 25 unused Assets / (24.7 KB). Loaded Objects now: 4576.
Memory consumption went from 155.4 MB to 155.4 MB.
Total: 3.609000 ms (FindLiveObjects: 0.324400 ms CreateObjectMapping: 0.135200 ms MarkObjects: 3.119900 ms  DeleteObjects: 0.028300 ms)

AssetImportParameters requested are different than current active one (requested -> active):
  custom:video-decoder-ogg-theora: a1e56fd34408186e4bbccfd4996cb3dc -> 
  custom:container-muxer-webm: aa71ff27fc2769a1b78a27578f13a17b -> 
  custom:container-demuxer-webm: 4f35f7cbe854078d1ac9338744f61a02 -> 
  custom:video-encoder-webm-vp8: eb34c28f22e8b96e1ab97ce403110664 -> 
  custom:audio-encoder-webm-vorbis: bf7c407c2cedff20999df2af8eb42d56 -> 
  custom:framework-win-MediaFoundation: 216162199b28c13a410421893ffa2e32 -> 
  custom:container-demuxer-ogg: 62fdf1f143b41e24485cea50d1cbac27 -> 
  custom:video-decoder-webm-vp8: 9c59270c3fd7afecdb556c50c9e8de78 -> 
  custom:audio-decoder-ogg-vorbis: bf7c407c2cedff20999df2af8eb42d56 -> 
========================================================================
Received Prepare
Registering precompiled user dll's ...
Registered in 0.006023 seconds.
Begin MonoManager ReloadAssembly
Symbol file LoadedFromMemory doesn't match image D:\labs unity\Lab\Library\PackageCache\com.unity.visualscripting@1.7.8\Editor\VisualScripting.Core\Dependencies\YamlDotNet\Unity.VisualScripting.YamlDotNet.dll
Symbol file LoadedFromMemory doesn't match image D:\labs unity\Lab\Library\PackageCache\com.unity.visualscripting@1.7.8\Editor\VisualScripting.Core\Dependencies\DotNetZip\Unity.VisualScripting.IonicZip.dll
Native extension for WindowsStandalone target not found
Native extension for WebGL target not found
Refreshing native plugins compatible for Editor in 0.88 ms, found 4 plugins.
Preloading 0 native plugins for Editor in 0.00 ms.
Mono: successfully reloaded assembly
- Completed reload, in  1.060 seconds
Domain Reload Profiling:
	ReloadAssembly (1060ms)
		BeginReloadAssembly (113ms)
			ExecutionOrderSort (0ms)
			DisableScriptedObjects (7ms)
			BackupInstance (0ms)
			ReleaseScriptingObjects (0ms)
			CreateAndSetChildDomain (32ms)
		EndReloadAssembly (843ms)
			LoadAssemblies (73ms)
			RebuildTransferFunctionScriptingTraits (0ms)
			SetupTypeCache (255ms)
			ReleaseScriptCaches (1ms)
			RebuildScriptCaches (51ms)
			SetupLoadedEditorAssemblies (395ms)
				LogAssemblyErrors (0ms)
				InitializePlatformSupportModulesInManaged (14ms)
				SetLoadedEditorAssemblies (1ms)
				RefreshPlugins (1ms)
				BeforeProcessingInitializeOnLoad (81ms)
				ProcessInitializeOnLoadAttributes (249ms)
				ProcessInitializeOnLoadMethodAttributes (46ms)
				AfterProcessingInitializeOnLoad (3ms)
				EditorAssembliesLoaded (0ms)
			ExecutionOrderSort2 (0ms)
			AwakeInstancesAfterBackupRestoration (10ms)
Platform modules already initialized, skipping
Refreshing native plugins compatible for Editor in 2.23 ms, found 4 plugins.
Preloading 0 native plugins for Editor in 0.00 ms.
Unloading 4065 Unused Serialized files (Serialized files now loaded: 0)
Unloading 25 unused Assets / (24.6 KB). Loaded Objects now: 4579.
Memory consumption went from 155.4 MB to 155.4 MB.
Total: 3.021900 ms (FindLiveObjects: 0.279100 ms CreateObjectMapping: 0.101200 ms MarkObjects: 2.619000 ms  DeleteObjects: 0.021400 ms)

AssetImportParameters requested are different than current active one (requested -> active):
  custom:video-decoder-ogg-theora: a1e56fd34408186e4bbccfd4996cb3dc -> 
  custom:container-muxer-webm: aa71ff27fc2769a1b78a27578f13a17b -> 
  custom:container-demuxer-webm: 4f35f7cbe854078d1ac9338744f61a02 -> 
  custom:video-encoder-webm-vp8: eb34c28f22e8b96e1ab97ce403110664 -> 
  custom:audio-encoder-webm-vorbis: bf7c407c2cedff20999df2af8eb42d56 -> 
  custom:framework-win-MediaFoundation: 216162199b28c13a410421893ffa2e32 -> 
  custom:container-demuxer-ogg: 62fdf1f143b41e24485cea50d1cbac27 -> 
  custom:video-decoder-webm-vp8: 9c59270c3fd7afecdb556c50c9e8de78 -> 
  custom:audio-decoder-ogg-vorbis: bf7c407c2cedff20999df2af8eb42d56 -> 
========================================================================
Received Prepare
Registering precompiled user dll's ...
Registered in 0.004410 seconds.
Begin MonoManager ReloadAssembly
Symbol file LoadedFromMemory doesn't match image D:\labs unity\Lab\Library\PackageCache\com.unity.visualscripting@1.7.8\Editor\VisualScripting.Core\Dependencies\YamlDotNet\Unity.VisualScripting.YamlDotNet.dll
Symbol file LoadedFromMemory doesn't match image D:\labs unity\Lab\Library\PackageCache\com.unity.visualscripting@1.7.8\Editor\VisualScripting.Core\Dependencies\DotNetZip\Unity.VisualScripting.IonicZip.dll
Native extension for WindowsStandalone target not found
Native extension for WebGL target not found
Refreshing native plugins compatible for Editor in 0.85 ms, found 4 plugins.
Preloading 0 native plugins for Editor in 0.00 ms.
Mono: successfully reloaded assembly
- Completed reload, in  1.041 seconds
Domain Reload Profiling:
	ReloadAssembly (1042ms)
		BeginReloadAssembly (126ms)
			ExecutionOrderSort (0ms)
			DisableScriptedObjects (7ms)
			BackupInstance (0ms)
			ReleaseScriptingObjects (0ms)
			CreateAndSetChildDomain (33ms)
		EndReloadAssembly (816ms)
			LoadAssemblies (80ms)
			RebuildTransferFunctionScriptingTraits (0ms)
			SetupTypeCache (236ms)
			ReleaseScriptCaches (1ms)
			RebuildScriptCaches (50ms)
			SetupLoadedEditorAssemblies (394ms)
				LogAssemblyErrors (0ms)
				InitializePlatformSupportModulesInManaged (14ms)
				SetLoadedEditorAssemblies (1ms)
				RefreshPlugins (1ms)
				BeforeProcessingInitializeOnLoad (85ms)
				ProcessInitializeOnLoadAttributes (243ms)
				ProcessInitializeOnLoadMethodAttributes (46ms)
				AfterProcessingInitializeOnLoad (4ms)
				EditorAssembliesLoaded (0ms)
			ExecutionOrderSort2 (0ms)
			AwakeInstancesAfterBackupRestoration (11ms)
Platform modules already initialized, skipping
Refreshing native plugins compatible for Editor in 2.58 ms, found 4 plugins.
Preloading 0 native plugins for Editor in 0.00 ms.
Unloading 4065 Unused Serialized files (Serialized files now loaded: 0)
Unloading 25 unused Assets / (24.6 KB). Loaded Objects now: 4582.
Memory consumption went from 155.4 MB to 155.4 MB.
Total: 3.279300 ms (FindLiveObjects: 0.277500 ms CreateObjectMapping: 0.112200 ms MarkObjects: 2.867900 ms  DeleteObjects: 0.020600 ms)

AssetImportParameters requested are different than current active one (requested -> active):
  custom:video-decoder-ogg-theora: a1e56fd34408186e4bbccfd4996cb3dc -> 
  custom:container-muxer-webm: aa71ff27fc2769a1b78a27578f13a17b -> 
  custom:container-demuxer-webm: 4f35f7cbe854078d1ac9338744f61a02 -> 
  custom:video-encoder-webm-vp8: eb34c28f22e8b96e1ab97ce403110664 -> 
  custom:audio-encoder-webm-vorbis: bf7c407c2cedff20999df2af8eb42d56 -> 
  custom:framework-win-MediaFoundation: 216162199b28c13a410421893ffa2e32 -> 
  custom:container-demuxer-ogg: 62fdf1f143b41e24485cea50d1cbac27 -> 
  custom:video-decoder-webm-vp8: 9c59270c3fd7afecdb556c50c9e8de78 -> 
  custom:audio-decoder-ogg-vorbis: bf7c407c2cedff20999df2af8eb42d56 -> 
========================================================================
Received Prepare
Registering precompiled user dll's ...
Registered in 0.006130 seconds.
Begin MonoManager ReloadAssembly
Symbol file LoadedFromMemory doesn't match image D:\labs unity\Lab\Library\PackageCache\com.unity.visualscripting@1.7.8\Editor\VisualScripting.Core\Dependencies\YamlDotNet\Unity.VisualScripting.YamlDotNet.dll
Symbol file LoadedFromMemory doesn't match image D:\labs unity\Lab\Library\PackageCache\com.unity.visualscripting@1.7.8\Editor\VisualScripting.Core\Dependencies\DotNetZip\Unity.VisualScripting.IonicZip.dll
Native extension for WindowsStandalone target not found
Native extension for WebGL target not found
Refreshing native plugins compatible for Editor in 0.84 ms, found 4 plugins.
Preloading 0 native plugins for Editor in 0.00 ms.
Mono: successfully reloaded assembly
- Completed reload, in  1.077 seconds
Domain Reload Profiling:
	ReloadAssembly (1078ms)
		BeginReloadAssembly (130ms)
			ExecutionOrderSort (0ms)
			DisableScriptedObjects (9ms)
			BackupInstance (0ms)
			ReleaseScriptingObjects (0ms)
			CreateAndSetChildDomain (35ms)
		EndReloadAssembly (841ms)
			LoadAssemblies (87ms)
			RebuildTransferFunctionScriptingTraits (0ms)
			SetupTypeCache (243ms)
			ReleaseScriptCaches (3ms)
			RebuildScriptCaches (66ms)
			SetupLoadedEditorAssemblies (385ms)
				LogAssemblyErrors (0ms)
				InitializePlatformSupportModulesInManaged (15ms)
				SetLoadedEditorAssemblies (1ms)
				RefreshPlugins (1ms)
				BeforeProcessingInitializeOnLoad (80ms)
				ProcessInitializeOnLoadAttributes (242ms)
				ProcessInitializeOnLoadMethodAttributes (44ms)
				AfterProcessingInitializeOnLoad (3ms)
				EditorAssembliesLoaded (0ms)
			ExecutionOrderSort2 (0ms)
			AwakeInstancesAfterBackupRestoration (10ms)
Platform modules already initialized, skipping
Refreshing native plugins compatible for Editor in 2.18 ms, found 4 plugins.
Preloading 0 native plugins for Editor in 0.00 ms.
Unloading 4065 Unused Serialized files (Serialized files now loaded: 0)
Unloading 25 unused Assets / (24.7 KB). Loaded Objects now: 4585.
Memory consumption went from 155.4 MB to 155.4 MB.
Total: 3.268000 ms (FindLiveObjects: 0.300100 ms CreateObjectMapping: 0.132400 ms MarkObjects: 2.811300 ms  DeleteObjects: 0.023100 ms)

AssetImportParameters requested are different than current active one (requested -> active):
  custom:video-decoder-ogg-theora: a1e56fd34408186e4bbccfd4996cb3dc -> 
  custom:container-muxer-webm: aa71ff27fc2769a1b78a27578f13a17b -> 
  custom:container-demuxer-webm: 4f35f7cbe854078d1ac9338744f61a02 -> 
  custom:video-encoder-webm-vp8: eb34c28f22e8b96e1ab97ce403110664 -> 
  custom:audio-encoder-webm-vorbis: bf7c407c2cedff20999df2af8eb42d56 -> 
  custom:framework-win-MediaFoundation: 216162199b28c13a410421893ffa2e32 -> 
  custom:container-demuxer-ogg: 62fdf1f143b41e24485cea50d1cbac27 -> 
  custom:video-decoder-webm-vp8: 9c59270c3fd7afecdb556c50c9e8de78 -> 
  custom:audio-decoder-ogg-vorbis: bf7c407c2cedff20999df2af8eb42d56 -> 
========================================================================
Received Prepare
Registering precompiled user dll's ...
Registered in 0.005854 seconds.
Begin MonoManager ReloadAssembly
Symbol file LoadedFromMemory doesn't match image D:\labs unity\Lab\Library\PackageCache\com.unity.visualscripting@1.7.8\Editor\VisualScripting.Core\Dependencies\YamlDotNet\Unity.VisualScripting.YamlDotNet.dll
Symbol file LoadedFromMemory doesn't match image D:\labs unity\Lab\Library\PackageCache\com.unity.visualscripting@1.7.8\Editor\VisualScripting.Core\Dependencies\DotNetZip\Unity.VisualScripting.IonicZip.dll
Native extension for WindowsStandalone target not found
Native extension for WebGL target not found
Refreshing native plugins compatible for Editor in 0.88 ms, found 4 plugins.
Preloading 0 native plugins for Editor in 0.00 ms.
Mono: successfully reloaded assembly
- Completed reload, in  1.056 seconds
Domain Reload Profiling:
	ReloadAssembly (1057ms)
		BeginReloadAssembly (134ms)
			ExecutionOrderSort (0ms)
			DisableScriptedObjects (8ms)
			BackupInstance (0ms)
			ReleaseScriptingObjects (0ms)
			CreateAndSetChildDomain (34ms)
		EndReloadAssembly (815ms)
			LoadAssemblies (90ms)
			RebuildTransferFunctionScriptingTraits (0ms)
			SetupTypeCache (235ms)
			ReleaseScriptCaches (1ms)
			RebuildScriptCaches (50ms)
			SetupLoadedEditorAssemblies (389ms)
				LogAssemblyErrors (0ms)
				InitializePlatformSupportModulesInManaged (14ms)
				SetLoadedEditorAssemblies (1ms)
				RefreshPlugins (1ms)
				BeforeProcessingInitializeOnLoad (80ms)
				ProcessInitializeOnLoadAttributes (245ms)
				ProcessInitializeOnLoadMethodAttributes (44ms)
				AfterProcessingInitializeOnLoad (4ms)
				EditorAssembliesLoaded (0ms)
			ExecutionOrderSort2 (0ms)
			AwakeInstancesAfterBackupRestoration (10ms)
Platform modules already initialized, skipping
Refreshing native plugins compatible for Editor in 2.34 ms, found 4 plugins.
Preloading 0 native plugins for Editor in 0.00 ms.
Unloading 4065 Unused Serialized files (Serialized files now loaded: 0)
Unloading 25 unused Assets / (24.6 KB). Loaded Objects now: 4588.
Memory consumption went from 155.4 MB to 155.4 MB.
Total: 3.346500 ms (FindLiveObjects: 0.303700 ms CreateObjectMapping: 0.151900 ms MarkObjects: 2.865100 ms  DeleteObjects: 0.024600 ms)

AssetImportParameters requested are different than current active one (requested -> active):
  custom:video-decoder-ogg-theora: a1e56fd34408186e4bbccfd4996cb3dc -> 
  custom:container-muxer-webm: aa71ff27fc2769a1b78a27578f13a17b -> 
  custom:container-demuxer-webm: 4f35f7cbe854078d1ac9338744f61a02 -> 
  custom:video-encoder-webm-vp8: eb34c28f22e8b96e1ab97ce403110664 -> 
  custom:audio-encoder-webm-vorbis: bf7c407c2cedff20999df2af8eb42d56 -> 
  custom:framework-win-MediaFoundation: 216162199b28c13a410421893ffa2e32 -> 
  custom:container-demuxer-ogg: 62fdf1f143b41e24485cea50d1cbac27 -> 
  custom:video-decoder-webm-vp8: 9c59270c3fd7afecdb556c50c9e8de78 -> 
  custom:audio-decoder-ogg-vorbis: bf7c407c2cedff20999df2af8eb42d56 -> 
